nsweeps,pearson,slope
0,0.2198469489812851,0.15883256494998932
1,0.5127044320106506,0.3741990625858307
2,0.6240383982658386,0.47353073954582214
3,0.696182906627655,0.5676372647285461
4,0.713847815990448,0.5954650640487671
5,0.748569130897522,0.6540789008140564
6,0.7579232454299927,0.6745765209197998
7,0.7657878994941711,0.6834898591041565
8,0.7714046835899353,0.703066885471344
9,0.7893969416618347,0.7492302060127258
10,0.7952336072921753,0.7721008658409119
11,0.8005481362342834,0.7859325408935547
12,0.8066939115524292,0.7962286472320557
13,0.8079906702041626,0.8028231859207153
14,0.8123027086257935,0.8115074634552002
15,0.8090929388999939,0.8108721375465393
16,0.808545708656311,0.8069446682929993
17,0.8136388659477234,0.8216229677200317
18,0.8169666528701782,0.8284305930137634
19,0.8180490136146545,0.8362924456596375
20,0.8191836476325989,0.8360447883605957
21,0.8221563100814819,0.8424150943756104
22,0.817841649055481,0.8341226577758789
23,0.8184787034988403,0.8299744129180908
24,0.8215442895889282,0.8352323770523071
25,0.8232178688049316,0.8474807739257812
26,0.8250637650489807,0.8652157187461853
27,0.821578860282898,0.8494194746017456
28,0.8270336389541626,0.8641155958175659
29,0.8264340758323669,0.8668217062950134
30,0.8265337347984314,0.8583544492721558
31,0.8255600929260254,0.8539298176765442
32,0.8249700665473938,0.845689058303833
33,0.8259256482124329,0.8533492684364319
34,0.8231118321418762,0.8447902798652649
35,0.8273906707763672,0.8611335158348083
36,0.8233829140663147,0.8518123626708984
37,0.8220179677009583,0.8444607853889465
38,0.8252822756767273,0.8497210144996643
39,0.8241069912910461,0.8445130586624146
40,0.8240686058998108,0.8421862721443176
41,0.823393702507019,0.8455468416213989
42,0.8258883357048035,0.8513522744178772
43,0.8198885321617126,0.8332787156105042
44,0.8166596293449402,0.8208920955657959
45,0.8199586868286133,0.8226531147956848
46,0.818305253982544,0.8238438963890076
47,0.8186110854148865,0.8257168531417847
48,0.8189565539360046,0.8263862133026123
49,0.8135448694229126,0.8157757520675659
50,0.8147331476211548,0.8135148286819458
51,0.8146429061889648,0.8152925372123718
52,0.8159024119377136,0.8197764754295349
53,0.8180890083312988,0.8158174157142639
54,0.820357084274292,0.8315731287002563
55,0.8201632499694824,0.8329841494560242
56,0.8197426199913025,0.8266059756278992
57,0.8232859373092651,0.8453128337860107
58,0.8236542344093323,0.8455597162246704
59,0.8247886896133423,0.8506951332092285
60,0.8281475305557251,0.8604832291603088
61,0.8264948129653931,0.8453774452209473
62,0.8273124694824219,0.8493281006813049
63,0.8299887776374817,0.8639976382255554
64,0.8320651650428772,0.8738229870796204
65,0.8320608735084534,0.8815687298774719
66,0.834427535533905,0.8921363949775696
67,0.8316695690155029,0.8812127113342285
68,0.832260012626648,0.8823132514953613
69,0.8314691781997681,0.8807901740074158
70,0.8330566883087158,0.8935773372650146
71,0.8316130042076111,0.8766770958900452
72,0.8300516605377197,0.8703804612159729
73,0.8320468664169312,0.876072108745575
74,0.8293085694313049,0.8660938143730164
75,0.8299126029014587,0.8678151965141296
76,0.8331466317176819,0.8806160092353821
77,0.8322638869285583,0.8835784792900085
78,0.8347399830818176,0.8957117199897766
79,0.8301815390586853,0.8789419531822205
80,0.8299544453620911,0.8728326559066772
81,0.829971432685852,0.8655030131340027
82,0.8324965834617615,0.8875396847724915
83,0.8294340968132019,0.8713013529777527
84,0.8292198181152344,0.8754479289054871
85,0.8300104141235352,0.8720291256904602
86,0.8274914026260376,0.8650695085525513
87,0.8280201554298401,0.8564272522926331
88,0.8302894830703735,0.865810751914978
89,0.8300743699073792,0.8675576448440552
90,0.8345875144004822,0.8774799108505249
91,0.8313087224960327,0.8653215765953064
92,0.8363330960273743,0.8788271546363831
93,0.8319821357727051,0.8655745387077332
94,0.8286812901496887,0.8544778227806091
95,0.829789936542511,0.8612669110298157
96,0.8309063911437988,0.8606610298156738
97,0.8282381296157837,0.859289824962616
98,0.8293889760971069,0.8676552772521973
99,0.8328118324279785,0.8770171403884888
100,0.8319570422172546,0.8727794885635376
101,0.8294498324394226,0.8689802289009094
102,0.8334542512893677,0.8839857578277588
103,0.8327886462211609,0.8768422603607178
104,0.8336883783340454,0.8778987526893616
105,0.8331357836723328,0.8824499249458313
106,0.831782877445221,0.880174458026886
107,0.8314616084098816,0.8765864372253418
108,0.8313380479812622,0.8786143064498901
109,0.8311256766319275,0.8742936849594116
110,0.8336033821105957,0.8766583204269409
111,0.8304972052574158,0.8681532740592957
112,0.8301710486412048,0.8700568079948425
113,0.8308921456336975,0.8701634407043457
114,0.8286092877388,0.8559759259223938
115,0.8304315209388733,0.8613255023956299
116,0.8283612728118896,0.8620505928993225
117,0.8309217691421509,0.8701531887054443
118,0.8327681422233582,0.8862876892089844
119,0.8297315835952759,0.8699163794517517
120,0.8310974836349487,0.8672456741333008
121,0.8301652073860168,0.876352071762085
122,0.8270353674888611,0.8597527742385864
123,0.8258569836616516,0.8657126426696777
124,0.8268395662307739,0.8608680963516235
125,0.8300657868385315,0.8668832182884216
126,0.8305644989013672,0.8625077605247498
127,0.8305650949478149,0.8632224798202515
128,0.8314388990402222,0.8638089895248413
129,0.8302800059318542,0.8664150238037109
130,0.8297460675239563,0.8736296892166138
131,0.8300876021385193,0.8697589635848999
132,0.8311024904251099,0.8704269528388977
133,0.8328739404678345,0.8777092695236206
134,0.8357019424438477,0.8959124088287354
135,0.8360732793807983,0.8973808884620667
136,0.8367268443107605,0.9019743800163269
137,0.8356571197509766,0.8997349739074707
138,0.8392671346664429,0.9175167083740234
139,0.8368024230003357,0.9007387161254883
140,0.8383393883705139,0.9149052500724792
141,0.8377647995948792,0.907930850982666
142,0.8350849747657776,0.9033159613609314
143,0.8336406350135803,0.8978860974311829
144,0.8343608379364014,0.8913136124610901
145,0.8323512077331543,0.8849904537200928
146,0.8315558433532715,0.8740441799163818
147,0.8309870362281799,0.8736922144889832
148,0.831598162651062,0.8763754963874817
149,0.826363742351532,0.8587175011634827
150,0.8268917798995972,0.8639377951622009
151,0.826824963092804,0.8670169115066528
152,0.8305590152740479,0.8842026591300964
153,0.832461416721344,0.8846843242645264
154,0.8334766626358032,0.878842830657959
155,0.8280264139175415,0.8612281084060669
156,0.8298757076263428,0.8649698495864868
157,0.832467257976532,0.8787845373153687
158,0.8273209929466248,0.8555095791816711
159,0.8305845856666565,0.8758493065834045
160,0.8310655951499939,0.8832990527153015
161,0.8332151174545288,0.8917393684387207
162,0.8321430087089539,0.8810786604881287
163,0.8312002420425415,0.8724024295806885
164,0.8291289806365967,0.8667361736297607
165,0.8287225365638733,0.8536560535430908
166,0.8270999193191528,0.8543756008148193
167,0.82682865858078,0.8595948815345764
168,0.8317099809646606,0.8810327053070068
169,0.8307337164878845,0.8843015432357788
170,0.8328308463096619,0.8859315514564514
171,0.8305549025535583,0.8832921385765076
172,0.8278554081916809,0.8693942427635193
173,0.8314008116722107,0.8805791735649109
174,0.8330883383750916,0.8767743110656738
175,0.8352017402648926,0.8945427536964417
176,0.8320905566215515,0.887241542339325
177,0.831664502620697,0.8783183693885803
178,0.830129086971283,0.8645284175872803
179,0.8304365277290344,0.8700677752494812
180,0.8339964747428894,0.8880751729011536
181,0.8310353755950928,0.8739400506019592
182,0.8308700919151306,0.8800253868103027
183,0.8289295434951782,0.8683807253837585
184,0.8318518400192261,0.8853560090065002
185,0.8283663988113403,0.8710694313049316
186,0.8317670226097107,0.8821803331375122
187,0.832276463508606,0.884752631187439
188,0.8304315805435181,0.8793337345123291
189,0.8310529589653015,0.8816120624542236
190,0.8359699845314026,0.9039129018783569
191,0.8333023190498352,0.8964505791664124
192,0.8324189186096191,0.8832271099090576
193,0.82991623878479,0.8752269148826599
194,0.8290325403213501,0.8666375875473022
195,0.8273321986198425,0.8573771119117737
196,0.8224046230316162,0.8458085656166077
197,0.8235945105552673,0.8424491882324219
198,0.8258025050163269,0.8491507768630981
199,0.8290998339653015,0.864264965057373
200,0.8271170854568481,0.8583992123603821
201,0.825068473815918,0.8609447479248047
202,0.8227047324180603,0.8396058082580566
203,0.8202375769615173,0.8323837518692017
204,0.8242447972297668,0.8465564846992493
205,0.8305336236953735,0.868139922618866
206,0.8301358819007874,0.8665399551391602
207,0.8305750489234924,0.8695175647735596
208,0.8314825892448425,0.8682264685630798
209,0.8320872783660889,0.8759147524833679
210,0.8336396813392639,0.8795599937438965
211,0.8360235691070557,0.8907172679901123
212,0.8369684815406799,0.8890174031257629
213,0.8342517018318176,0.8872467875480652
214,0.8350033760070801,0.8874660730361938
215,0.8362906575202942,0.8881012201309204
216,0.83193439245224,0.8765500783920288
217,0.8332827091217041,0.8772295117378235
218,0.8319708704948425,0.8740323185920715
219,0.8336849808692932,0.8813424706459045
220,0.831619381904602,0.8733505606651306
221,0.8347567915916443,0.8832746148109436
222,0.8358832001686096,0.886874258518219
223,0.8375210165977478,0.8966427445411682
224,0.8323245048522949,0.8839069604873657
225,0.8334817886352539,0.8803573846817017
226,0.8353859782218933,0.8920132517814636
227,0.8343276381492615,0.8899055123329163
228,0.8358010053634644,0.8916396498680115
229,0.83845055103302,0.8972756862640381
230,0.8401819467544556,0.9066358208656311
231,0.8412599563598633,0.9106208682060242
232,0.8416284918785095,0.9182872772216797
233,0.8378667235374451,0.9032954573631287
234,0.8385487198829651,0.9036490321159363
235,0.8400814533233643,0.9035088419914246
236,0.837550699710846,0.9015613198280334
237,0.836963951587677,0.8989017605781555
238,0.8344003558158875,0.8844160437583923
239,0.8355830907821655,0.8823219537734985
240,0.8371086716651917,0.8871195912361145
241,0.8353028893470764,0.8747316002845764
242,0.8372442722320557,0.8893860578536987
243,0.8371613025665283,0.8970415592193604
244,0.8355481028556824,0.8946560025215149
245,0.8322771191596985,0.8867645263671875
246,0.8337064385414124,0.8897284865379333
247,0.8372613191604614,0.9028254151344299
248,0.8337898850440979,0.8900900483131409
249,0.8326787352561951,0.8848231434822083
250,0.8322871923446655,0.8816033005714417
251,0.838911771774292,0.9040831327438354
252,0.8347437381744385,0.8918035626411438
253,0.835123598575592,0.8968073725700378
254,0.835345447063446,0.8859370946884155
255,0.832046389579773,0.8744381070137024
256,0.8335288763046265,0.8801145553588867
257,0.833687424659729,0.8783925771713257
258,0.8344608545303345,0.883678674697876
259,0.8328101634979248,0.8723981976509094
260,0.8348283767700195,0.8800514936447144
261,0.8307982087135315,0.8692715167999268
262,0.8335075378417969,0.8838929533958435
263,0.8320226669311523,0.8822158575057983
264,0.8381491899490356,0.8989889025688171
265,0.8332237005233765,0.8805584907531738
266,0.8345775604248047,0.8818907737731934
267,0.8356518745422363,0.8827372193336487
268,0.8370474576950073,0.8883362412452698
269,0.8329977989196777,0.8744946122169495
270,0.833997368812561,0.8799587488174438
271,0.8322669267654419,0.8731976747512817
272,0.829961359500885,0.8689389824867249
273,0.8322328329086304,0.8773660063743591
274,0.8343340754508972,0.8779826760292053
275,0.8339805006980896,0.8789541125297546
276,0.834884762763977,0.8800756335258484
277,0.8320551514625549,0.8778083920478821
278,0.8340393304824829,0.8718411922454834
279,0.8350610733032227,0.8778520226478577
280,0.8354231119155884,0.8788261413574219
281,0.8323029279708862,0.8804678320884705
282,0.8333190083503723,0.8798658847808838
283,0.8343052268028259,0.8810694217681885
284,0.8288697600364685,0.8696854710578918
285,0.8318973779678345,0.8747124075889587
286,0.8337429165840149,0.8842650651931763
287,0.8323881030082703,0.884528398513794
288,0.8317407965660095,0.8747414350509644
289,0.8324064612388611,0.8817933797836304
290,0.8318129777908325,0.8865280151367188
291,0.8363848924636841,0.902270495891571
292,0.8362458348274231,0.9004315137863159
293,0.832979142665863,0.8992428779602051
294,0.8364338874816895,0.8950510025024414
295,0.8329812288284302,0.8763608336448669
296,0.8337013721466064,0.8819308876991272
297,0.8294933438301086,0.8750884532928467
298,0.8318309783935547,0.8761839270591736
299,0.8337548971176147,0.8847801089286804
300,0.8356409668922424,0.8874155282974243
301,0.833925724029541,0.8856443166732788
302,0.8330024480819702,0.8770573735237122
303,0.8318930864334106,0.8770960569381714
304,0.8314531445503235,0.8776412606239319
305,0.837230384349823,0.8913659453392029
306,0.8358016014099121,0.8943600058555603
307,0.8362410664558411,0.8879773616790771
308,0.8337162137031555,0.886104166507721
309,0.8355892300605774,0.8822916150093079
310,0.8347025513648987,0.8793741464614868
311,0.8395227193832397,0.9058626294136047
312,0.8355433940887451,0.8920391798019409
313,0.8375402092933655,0.9039924740791321
314,0.8367154598236084,0.897619903087616
315,0.8325081467628479,0.8797973394393921
316,0.8315317630767822,0.8749394416809082
317,0.8287382125854492,0.8683496117591858
318,0.8277862071990967,0.864323079586029
319,0.8308308720588684,0.8754571080207825
320,0.8318666815757751,0.8673093914985657
321,0.8313827514648438,0.8725904822349548
322,0.8329604864120483,0.8761146664619446
323,0.8355347514152527,0.8859335780143738
324,0.8340223431587219,0.8850402235984802
325,0.8369637131690979,0.8924896717071533
326,0.8345520496368408,0.8838340044021606
327,0.8345487713813782,0.8910431265830994
328,0.8336222171783447,0.8788212537765503
329,0.833437979221344,0.8734069466590881
330,0.8365600109100342,0.885555624961853
331,0.8368831872940063,0.8925488591194153
332,0.8348190188407898,0.8790953159332275
333,0.8357401490211487,0.889400064945221
334,0.8329744935035706,0.8856367468833923
335,0.8322299718856812,0.8785242438316345
336,0.8349844813346863,0.887708306312561
337,0.8328142166137695,0.8834124207496643
338,0.8355379700660706,0.8947582244873047
339,0.8343105912208557,0.8871614336967468
340,0.8339671492576599,0.8876610994338989
341,0.8335269093513489,0.8808382153511047
342,0.8325328230857849,0.8738924264907837
343,0.8341793417930603,0.8810064792633057
344,0.838954508304596,0.8888742327690125
345,0.8376050591468811,0.8930928707122803
346,0.8335096836090088,0.8794095516204834
347,0.836515486240387,0.8894830346107483
348,0.8376596570014954,0.8929903507232666
349,0.835621178150177,0.8844261169433594
350,0.8376061916351318,0.8873233795166016
351,0.8357877731323242,0.8801973462104797
352,0.833415687084198,0.8727384805679321
353,0.8337315320968628,0.8776688575744629
354,0.8322228193283081,0.8798602223396301
355,0.8319465517997742,0.876025915145874
356,0.8331428170204163,0.8832823634147644
357,0.8333474397659302,0.8847139477729797
358,0.8339253664016724,0.8847097158432007
359,0.8383925557136536,0.9047509431838989
360,0.8388029336929321,0.8997088670730591
361,0.8349829316139221,0.8871380090713501
362,0.8346832990646362,0.8853598833084106
363,0.836699366569519,0.8928653001785278
364,0.8358817100524902,0.8915700912475586
365,0.8350890278816223,0.8853796720504761
366,0.8362873196601868,0.8886806964874268
367,0.8383960723876953,0.8992708325386047
368,0.8362346291542053,0.8909330368041992
369,0.8344273567199707,0.8844700455665588
370,0.8351289629936218,0.881456196308136
371,0.831153929233551,0.8662223815917969
372,0.8284578919410706,0.86385577917099
373,0.829729437828064,0.8665674924850464
374,0.8298036456108093,0.8656161427497864
375,0.8282789587974548,0.871375322341919
376,0.8275361657142639,0.8634329438209534
377,0.8298285007476807,0.8697800040245056
378,0.8325764536857605,0.8795394897460938
379,0.828178346157074,0.8609797358512878
380,0.8297837376594543,0.8664498329162598
381,0.8282071352005005,0.8587971329689026
382,0.8300735354423523,0.8719368577003479
383,0.832525372505188,0.8849080801010132
384,0.8303399682044983,0.8712782263755798
385,0.8325068950653076,0.8863131999969482
386,0.8367745280265808,0.8961244225502014
387,0.8347272872924805,0.886482298374176
388,0.8341959714889526,0.8897057175636292
389,0.8355826139450073,0.884968638420105
390,0.833494246006012,0.877476692199707
391,0.8295161128044128,0.8664758205413818
392,0.8312249183654785,0.8687272071838379
393,0.8311024904251099,0.868272602558136
394,0.8294867873191833,0.8676061034202576
395,0.8306161761283875,0.8721502423286438
396,0.8306994438171387,0.8650469779968262
397,0.8311246633529663,0.8687518239021301
398,0.8300266265869141,0.8696750402450562
399,0.8314011096954346,0.8800185322761536
400,0.8320724964141846,0.8880782127380371
401,0.8348397612571716,0.8916753530502319
402,0.834243893623352,0.8868668079376221
403,0.8358891010284424,0.8976213932037354
404,0.8378109931945801,0.900740921497345
405,0.838620126247406,0.9062384366989136
406,0.8381091952323914,0.8986834287643433
407,0.8352515697479248,0.8984877467155457
408,0.8372046947479248,0.9019560217857361
409,0.8401088118553162,0.9158448576927185
410,0.8381600379943848,0.9096635580062866
411,0.8363077044487,0.9013881087303162
412,0.8361570835113525,0.9048749804496765
413,0.8344253897666931,0.8950294256210327
414,0.8379127383232117,0.8920792937278748
415,0.8351496458053589,0.8907307982444763
416,0.8368322253227234,0.8950743675231934
417,0.8374268412590027,0.8999682068824768
418,0.8401626348495483,0.9086329340934753
419,0.8381257057189941,0.8969144225120544
420,0.8370546698570251,0.8906179666519165
421,0.8390279412269592,0.9007642269134521
422,0.8393807411193848,0.908531129360199
423,0.8406934142112732,0.918572187423706
424,0.8367058038711548,0.8966739177703857
425,0.8345447182655334,0.8838750123977661
426,0.8339915871620178,0.8859479427337646
427,0.8357946276664734,0.8910690546035767
428,0.8378167748451233,0.8860905766487122
429,0.8330537676811218,0.8754818439483643
430,0.834985077381134,0.8849056363105774
431,0.8335011601448059,0.8774746060371399
432,0.8297449350357056,0.8710282444953918
433,0.8322539925575256,0.8659248352050781
434,0.8338441848754883,0.8748338222503662
435,0.833854079246521,0.8855404853820801
436,0.8321480751037598,0.8771257996559143
437,0.8352286219596863,0.8803648352622986
438,0.8336299657821655,0.8792356252670288
439,0.8338832259178162,0.8833515048027039
440,0.8332787156105042,0.8794254064559937
441,0.8333964943885803,0.8806675672531128
442,0.834631085395813,0.8845306038856506
443,0.8321792483329773,0.8843486905097961
444,0.8363648056983948,0.8950024843215942
445,0.8383436799049377,0.8961483240127563
446,0.8394312262535095,0.9052620530128479
447,0.8357099890708923,0.8916374444961548
448,0.8350022435188293,0.8853209614753723
449,0.8349397778511047,0.8818393349647522
450,0.8369177579879761,0.8922554850578308
451,0.8330066800117493,0.8812921047210693
452,0.8339270949363708,0.8792933225631714
453,0.8337492346763611,0.8764938712120056
454,0.8302086591720581,0.8721415400505066
455,0.8286679983139038,0.8591218590736389
456,0.8328145146369934,0.8746436834335327
457,0.8305789232254028,0.872654139995575
458,0.834252655506134,0.8833184838294983
459,0.837232768535614,0.8963791131973267
460,0.8343909382820129,0.8852755427360535
461,0.8294622302055359,0.8645992875099182
462,0.8283117413520813,0.8724847435951233
463,0.8339895606040955,0.8826832175254822
464,0.8348108530044556,0.8789780139923096
465,0.8292014598846436,0.8647156953811646
466,0.830454409122467,0.8598306179046631
467,0.8302673697471619,0.8533669710159302
468,0.8338436484336853,0.8731124401092529
469,0.8284543752670288,0.8587493896484375
470,0.8246882557868958,0.8451271653175354
471,0.8257779479026794,0.8497100472450256
472,0.8241231441497803,0.8372476100921631
473,0.8222737312316895,0.8322932720184326
474,0.819632351398468,0.8222705125808716
475,0.8250406384468079,0.8440558314323425
476,0.8231654763221741,0.8337981700897217
477,0.8226044774055481,0.823646068572998
478,0.8196137547492981,0.8210769295692444
479,0.8258317112922668,0.8380352854728699
480,0.8238193988800049,0.83921217918396
481,0.8229454159736633,0.8393941521644592
482,0.8246414661407471,0.8420538306236267
483,0.8279777765274048,0.8503522276878357
484,0.8272655010223389,0.8506153225898743
485,0.8268274068832397,0.852581262588501
486,0.8308363556861877,0.861846387386322
487,0.8315454721450806,0.8659167289733887
488,0.8290591835975647,0.8632282018661499
489,0.8308904767036438,0.8638982176780701
490,0.8314858078956604,0.8707588911056519
491,0.8321882486343384,0.8735350966453552
492,0.836239755153656,0.8814638257026672
493,0.8379294276237488,0.8944869637489319
494,0.8344590067863464,0.8841480016708374
495,0.8338597416877747,0.8803092241287231
496,0.8346821069717407,0.879346489906311
497,0.8354272842407227,0.8835182785987854
498,0.8387663960456848,0.8965657353401184
499,0.8372912406921387,0.8949704170227051
500,0.8385899662971497,0.8964012861251831
501,0.8359260559082031,0.8871294856071472
502,0.8346632719039917,0.8876678943634033
503,0.8340665698051453,0.8812535405158997
504,0.8312431573867798,0.876257061958313
505,0.829021692276001,0.87064129114151
506,0.8298871517181396,0.8706082105636597
507,0.8315540552139282,0.8776258230209351
508,0.8308170437812805,0.8737644553184509
509,0.8295485377311707,0.8685191869735718
510,0.8274539709091187,0.862534761428833
511,0.8271318674087524,0.8583245277404785
512,0.8323468565940857,0.8770939707756042
513,0.8309998512268066,0.8728959560394287
514,0.8287763595581055,0.8621305227279663
515,0.8339459300041199,0.8863139152526855
516,0.8340261578559875,0.8933514952659607
517,0.8357740640640259,0.8904291987419128
518,0.8318219780921936,0.8758071660995483
519,0.8316924571990967,0.872037410736084
520,0.8320285677909851,0.8739621639251709
521,0.8292325139045715,0.8702149987220764
522,0.8289324641227722,0.8586230278015137
523,0.8333722352981567,0.8770458102226257
524,0.8319041728973389,0.8672220706939697
525,0.8335831761360168,0.8762784004211426
526,0.8327703475952148,0.8749355673789978
527,0.8329887390136719,0.8725708723068237
528,0.8306835889816284,0.8643094301223755
529,0.8318712711334229,0.8697434663772583
530,0.8308857083320618,0.8649719953536987
531,0.8332893252372742,0.875551700592041
532,0.8347739577293396,0.874424159526825
533,0.8320602178573608,0.8638268709182739
534,0.8310824036598206,0.8703920841217041
535,0.8324946165084839,0.8665484189987183
536,0.8320468068122864,0.8684502243995667
537,0.8312020897865295,0.8645095229148865
538,0.8319472670555115,0.8621788620948792
539,0.8295665383338928,0.8542975783348083
540,0.8329653143882751,0.8727360367774963
541,0.8295037150382996,0.8633946776390076
542,0.8222318291664124,0.842136561870575
543,0.8226742744445801,0.8358498811721802
544,0.8224042057991028,0.8424269556999207
545,0.8236901164054871,0.8487865328788757
546,0.8302903175354004,0.8666369915008545
547,0.8275331854820251,0.8623101115226746
548,0.8282343745231628,0.859595000743866
549,0.8283319473266602,0.8637592792510986
550,0.828514575958252,0.8619921803474426
551,0.8306642174720764,0.8617033362388611
552,0.8286819458007812,0.8645247220993042
553,0.8304665088653564,0.8637845516204834
554,0.8305239081382751,0.8716935515403748
555,0.827591598033905,0.8568016886711121
556,0.8278602957725525,0.8566195368766785
557,0.8263494968414307,0.8552895784378052
558,0.8253147006034851,0.8536170125007629
559,0.8301209211349487,0.8629088997840881
560,0.8317743539810181,0.8679694533348083
561,0.8274905681610107,0.8551655411720276
562,0.8294591903686523,0.8648554086685181
563,0.8256770372390747,0.8583393096923828
564,0.8250876069068909,0.8563265204429626
565,0.8265132904052734,0.8505765199661255
566,0.8271496891975403,0.8572227358818054
567,0.8279118537902832,0.8737483024597168
568,0.8277578353881836,0.873171329498291
569,0.8305410742759705,0.877273440361023
570,0.8284607529640198,0.872854471206665
571,0.8281372785568237,0.8640807271003723
572,0.8316158652305603,0.8830134868621826
573,0.8324739933013916,0.882821798324585
574,0.832949697971344,0.8876948356628418
575,0.8339861631393433,0.8941923379898071
576,0.8375536203384399,0.9015194773674011
577,0.8319668173789978,0.8879364728927612
578,0.8336952328681946,0.8933588862419128
579,0.8322630524635315,0.8799669742584229
580,0.8283437490463257,0.8723084330558777
581,0.8269542455673218,0.8605446219444275
582,0.828125,0.8671074509620667
583,0.8311984539031982,0.8707938194274902
584,0.8320767879486084,0.8818865418434143
585,0.828562319278717,0.8660784959793091
586,0.8320912718772888,0.8793509602546692
587,0.8322460651397705,0.8771615624427795
588,0.8299725651741028,0.8727890253067017
589,0.8306986093521118,0.8731558918952942
590,0.8299493789672852,0.8684316873550415
591,0.8292388916015625,0.862271249294281
592,0.8285956978797913,0.8674612641334534
593,0.8302644491195679,0.8653725385665894
594,0.8291667699813843,0.8627762794494629
595,0.8334935903549194,0.8784432411193848
596,0.8335949182510376,0.8838264346122742
597,0.8307128548622131,0.871616005897522
598,0.8333059549331665,0.885765016078949
599,0.8358144760131836,0.8932902812957764
600,0.8358500599861145,0.8905948996543884
601,0.837012767791748,0.8914996385574341
602,0.8367228507995605,0.8934864401817322
603,0.8322076201438904,0.8792486190795898
604,0.8329582214355469,0.8838605880737305
605,0.834324300289154,0.8899986147880554
606,0.8330923318862915,0.8812942504882812
607,0.8310867547988892,0.8781742453575134
608,0.8310606479644775,0.8843082785606384
609,0.8329008221626282,0.8854877352714539
610,0.8341808319091797,0.8882839679718018
611,0.8375924825668335,0.9028934836387634
612,0.8363147377967834,0.897849977016449
613,0.838583767414093,0.9065461754798889
614,0.8367497324943542,0.8944756984710693
615,0.8357824087142944,0.8923011422157288
616,0.8387120962142944,0.9059793949127197
617,0.8373933434486389,0.9098571538925171
618,0.8355944752693176,0.8997713923454285
619,0.834024965763092,0.8915054798126221
620,0.8315951228141785,0.867579460144043
621,0.8309586048126221,0.8748782277107239
622,0.832034707069397,0.8744128942489624
623,0.832101583480835,0.8674139380455017
624,0.8314340710639954,0.8681312799453735
625,0.8281399607658386,0.8622317314147949
626,0.827077329158783,0.8590356707572937
627,0.8268874883651733,0.8538307547569275
628,0.8264458775520325,0.8579103350639343
629,0.827305018901825,0.8619821667671204
630,0.8276012539863586,0.8652956485748291
631,0.8269650340080261,0.8670220375061035
632,0.829481303691864,0.8740131258964539
633,0.830021321773529,0.878612756729126
634,0.8330531120300293,0.8995015025138855
635,0.8334428071975708,0.895342230796814
636,0.8340984582901001,0.8967127203941345
637,0.8322554230690002,0.8948594331741333
638,0.8307496309280396,0.8782085180282593
639,0.8324152827262878,0.8871389031410217
640,0.8320837616920471,0.8868551850318909
641,0.8305531144142151,0.8715587258338928
642,0.833156168460846,0.887312114238739
643,0.8332116603851318,0.8851655721664429
644,0.8349159955978394,0.9013437032699585
645,0.8317323923110962,0.8872181177139282
646,0.8354886174201965,0.9026483297348022
647,0.8323335647583008,0.8924108743667603
648,0.8309691548347473,0.8845991492271423
649,0.8306000828742981,0.8782849311828613
650,0.833486020565033,0.8852853775024414
651,0.8294945955276489,0.8722599148750305
652,0.8324076533317566,0.8763414025306702
653,0.834255039691925,0.884468138217926
654,0.8345468640327454,0.8938513398170471
655,0.8340358138084412,0.8870943188667297
656,0.8341491222381592,0.8896909356117249
657,0.8312000036239624,0.882541298866272
658,0.8279200792312622,0.8709995746612549
659,0.8280214071273804,0.8704981207847595
660,0.8312627077102661,0.8817605376243591
661,0.8322626352310181,0.8777825236320496
662,0.8320136070251465,0.8781197667121887
663,0.8336516618728638,0.8864458799362183
664,0.8302758932113647,0.8697348237037659
665,0.8338039517402649,0.8808926939964294
666,0.8330323100090027,0.8826297521591187
667,0.8342162370681763,0.8874835968017578
668,0.8337063193321228,0.889997661113739
669,0.8360758423805237,0.8930135369300842
670,0.8366829752922058,0.8909207582473755
671,0.8340439796447754,0.8841954469680786
672,0.8338789343833923,0.8878264427185059
673,0.8334852457046509,0.8831384181976318
674,0.8338041305541992,0.885656476020813
675,0.8314081430435181,0.8801339268684387
676,0.827813982963562,0.8683352470397949
677,0.8280731439590454,0.8701504468917847
678,0.8261470198631287,0.8602855205535889
679,0.8289552330970764,0.8690893650054932
680,0.8332664966583252,0.879125714302063
681,0.8340844511985779,0.8830533027648926
682,0.8349112868309021,0.884567141532898
683,0.837058961391449,0.8989269733428955
684,0.8317446112632751,0.8797450661659241
685,0.8300844430923462,0.8746883869171143
686,0.8336601853370667,0.8775781989097595
687,0.8348923325538635,0.8776552081108093
688,0.8310565948486328,0.862718403339386
689,0.8346966505050659,0.8806025981903076
690,0.8347488641738892,0.8812160491943359
691,0.8347834348678589,0.8879982829093933
692,0.8328718543052673,0.8753980994224548
693,0.8334466814994812,0.8793938755989075
694,0.8310181498527527,0.8711610436439514
695,0.832977294921875,0.8794661164283752
696,0.831171989440918,0.8693848848342896
697,0.8344383835792542,0.8837864398956299
698,0.8368445038795471,0.8959369659423828
699,0.8345301151275635,0.8873780369758606
700,0.8359507322311401,0.8930537700653076
701,0.8321441411972046,0.8786792159080505
